[2023-02-18 12:22:44,335] root - INFO - Export collection data as pandas dataframe
[2023-02-18 12:22:44,336] root - INFO - Reading data from database: {database_name} and collection:{collection_name}
[2023-02-18 12:22:44,596] root - INFO - Find columns:Index(['_id', 'age', 'sex', 'bmi', 'children', 'smoker', 'region', 'expenses'], dtype='object')
[2023-02-18 12:22:44,597] root - INFO - Dropping columns: _id
[2023-02-18 12:22:44,600] root - INFO - Rows and Columns in df: (16056, 7)
[2023-02-18 12:22:44,600] root - INFO - Save data in feature store
[2023-02-18 12:22:44,603] root - INFO - create feature store folder if not available
[2023-02-18 12:22:44,604] root - INFO - save df to feature store folder
[2023-02-18 12:22:44,669] root - INFO - split dataset into train and test set
[2023-02-18 12:22:44,673] root - INFO - create dataset directory if not available
[2023-02-18 12:22:44,673] root - INFO - Save df to feature store folder
[2023-02-18 12:22:44,744] root - INFO - Data Ingestion Artifact: DataIngestionArtifact(feature_store_file_path='/config/workspace/artifact/18022023__122244/data_ingestion/feature_store/insurance.csv', train_file_path='/config/workspace/artifact/18022023__122244/data_ingestion/dataset/train.csv', test_file_path='/config/workspace/artifact/18022023__122244/data_ingestion/dataset/test.csv')
[2023-02-18 12:22:44,748] root - INFO - f**********Data_Validation***********
[2023-02-18 12:22:44,748] root - INFO - Reading train dataframe
[2023-02-18 12:22:44,753] root - INFO - Replace na value in base df
[2023-02-18 12:22:44,753] root - INFO - Drop null values colums from base df
[2023-02-18 12:22:44,755] root - INFO - selecting column names which contains null above 0.2
[2023-02-18 12:22:44,756] root - INFO - Columns to drop: []
[2023-02-18 12:22:44,756] root - INFO - Reading train dataframe
[2023-02-18 12:22:44,767] root - INFO - Reading test dataframe
[2023-02-18 12:22:44,779] root - INFO - selecting column names which contains null above 0.2
[2023-02-18 12:22:44,779] root - INFO - Columns to drop: []
[2023-02-18 12:22:44,783] root - INFO - selecting column names which contains null above 0.2
[2023-02-18 12:22:44,784] root - INFO - Columns to drop: []
[2023-02-18 12:22:44,788] root - INFO - Is all required columns present in train df
[2023-02-18 12:22:44,788] root - INFO - Is all required columns present in test df
[2023-02-18 12:22:44,788] root - INFO - As all column are available in train df hence detecting data drift
[2023-02-18 12:22:44,869] root - INFO - As all column are available in test df hence detecting data drift
[2023-02-18 12:22:44,894] root - INFO - writing report in yaml file
[2023-02-18 12:22:44,895] root - INFO - Data Validation Artifact: DataValidationArtifact(report_file_path='/config/workspace/artifact/18022023__122244/data_validation/report.yaml')
[2023-02-18 12:22:44,966] root - INFO - Model evaluation artifact: ModelEvaluationArtifact(is_model_expected=True, improved_accuracy=None)
[2023-02-18 12:22:44,966] root - INFO - Loading transformer model and target encoder
