[2023-02-18 12:06:46,562] root - INFO - Export collection data as pandas dataframe
[2023-02-18 12:06:46,563] root - INFO - Reading data from database: {database_name} and collection:{collection_name}
[2023-02-18 12:06:46,839] root - INFO - Find columns:Index(['_id', 'age', 'sex', 'bmi', 'children', 'smoker', 'region', 'expenses'], dtype='object')
[2023-02-18 12:06:46,839] root - INFO - Dropping columns: _id
[2023-02-18 12:06:46,842] root - INFO - Rows and Columns in df: (16056, 7)
[2023-02-18 12:06:46,842] root - INFO - Save data in feature store
[2023-02-18 12:06:46,845] root - INFO - create feature store folder if not available
[2023-02-18 12:06:46,846] root - INFO - save df to feature store folder
[2023-02-18 12:06:46,912] root - INFO - split dataset into train and test set
[2023-02-18 12:06:46,915] root - INFO - create dataset directory if not available
[2023-02-18 12:06:46,916] root - INFO - Save df to feature store folder
[2023-02-18 12:06:46,984] root - INFO - Data Ingestion Artifact: DataIngestionArtifact(feature_store_file_path='/config/workspace/artifact/18022023__120646/data_ingestion/feature_store/insurance.csv', train_file_path='/config/workspace/artifact/18022023__120646/data_ingestion/dataset/train.csv', test_file_path='/config/workspace/artifact/18022023__120646/data_ingestion/dataset/test.csv')
[2023-02-18 12:06:46,988] root - INFO - f**********Data_Validation***********
[2023-02-18 12:06:46,988] root - INFO - Reading train dataframe
[2023-02-18 12:06:46,993] root - INFO - Replace na value in base df
[2023-02-18 12:06:46,993] root - INFO - Drop null values colums from base df
[2023-02-18 12:06:46,995] root - INFO - selecting column names which contains null above 0.2
[2023-02-18 12:06:46,995] root - INFO - Columns to drop: []
[2023-02-18 12:06:46,996] root - INFO - Reading train dataframe
[2023-02-18 12:06:47,006] root - INFO - Reading test dataframe
[2023-02-18 12:06:47,019] root - INFO - selecting column names which contains null above 0.2
[2023-02-18 12:06:47,019] root - INFO - Columns to drop: []
[2023-02-18 12:06:47,023] root - INFO - selecting column names which contains null above 0.2
[2023-02-18 12:06:47,023] root - INFO - Columns to drop: []
[2023-02-18 12:06:47,028] root - INFO - Is all required columns present in train df
[2023-02-18 12:06:47,028] root - INFO - Is all required columns present in test df
[2023-02-18 12:06:47,028] root - INFO - As all column are available in train df hence detecting data drift
[2023-02-18 12:06:47,113] root - INFO - As all column are available in test df hence detecting data drift
[2023-02-18 12:06:47,138] root - INFO - writing report in yaml file
[2023-02-18 12:06:47,140] root - INFO - Data Validation Artifact: DataValidationArtifact(report_file_path='/config/workspace/artifact/18022023__120646/data_validation/report.yaml')
[2023-02-18 12:06:47,213] root - INFO - Model evaluation artifact: ModelEvaluationArtifact(is_model_expected=True, improved_accuracy=None)
[2023-02-18 12:06:47,213] root - INFO - Loading transformer model and target encoder
