[2023-02-21 00:35:16,068] root - INFO - Export collection data as pandas dataframe
[2023-02-21 00:35:16,068] root - INFO - Reading data from database: {database_name} and collection:{collection_name}
[2023-02-21 00:35:16,395] root - INFO - Find columns:Index(['_id', 'age', 'sex', 'bmi', 'children', 'smoker', 'region', 'expenses'], dtype='object')
[2023-02-21 00:35:16,395] root - INFO - Dropping columns: _id
[2023-02-21 00:35:16,399] root - INFO - Rows and Columns in df: (21408, 7)
[2023-02-21 00:35:16,399] root - INFO - Save data in feature store
[2023-02-21 00:35:16,403] root - INFO - create feature store folder if not available
[2023-02-21 00:35:16,404] root - INFO - save df to feature store folder
[2023-02-21 00:35:16,492] root - INFO - split dataset into train and test set
[2023-02-21 00:35:16,498] root - INFO - create dataset directory if not available
[2023-02-21 00:35:16,498] root - INFO - Save df to feature store folder
[2023-02-21 00:35:16,591] root - INFO - Data Ingestion Artifact: DataIngestionArtifact(feature_store_file_path='/config/workspace/artifact/21022023__003516/data_ingestion/feature_store/insurance.csv', train_file_path='/config/workspace/artifact/21022023__003516/data_ingestion/dataset/train.csv', test_file_path='/config/workspace/artifact/21022023__003516/data_ingestion/dataset/test.csv')
[2023-02-21 00:35:16,598] root - INFO - f**********Data_Validation***********
[2023-02-21 00:35:16,599] root - INFO - Reading train dataframe
[2023-02-21 00:35:16,604] root - INFO - Replace na value in base df
[2023-02-21 00:35:16,604] root - INFO - Drop null values colums from base df
[2023-02-21 00:35:16,606] root - INFO - selecting column names which contains null above 0.2
[2023-02-21 00:35:16,606] root - INFO - Columns to drop: []
[2023-02-21 00:35:16,607] root - INFO - Reading train dataframe
[2023-02-21 00:35:16,619] root - INFO - Reading test dataframe
[2023-02-21 00:35:16,633] root - INFO - selecting column names which contains null above 0.2
[2023-02-21 00:35:16,633] root - INFO - Columns to drop: []
[2023-02-21 00:35:16,637] root - INFO - selecting column names which contains null above 0.2
[2023-02-21 00:35:16,638] root - INFO - Columns to drop: []
[2023-02-21 00:35:16,642] root - INFO - Is all required columns present in train df
[2023-02-21 00:35:16,642] root - INFO - Is all required columns present in test df
[2023-02-21 00:35:16,642] root - INFO - As all column are available in train df hence detecting data drift
[2023-02-21 00:35:16,739] root - INFO - As all column are available in test df hence detecting data drift
[2023-02-21 00:35:16,766] root - INFO - writing report in yaml file
[2023-02-21 00:35:16,768] root - INFO - Data Validation Artifact: DataValidationArtifact(report_file_path='/config/workspace/artifact/21022023__003516/data_validation/report.yaml')
[2023-02-21 00:35:16,847] root - INFO - Model evaluation artifact: ModelEvaluationArtifact(is_model_expected=True, improved_accuracy=None)
[2023-02-21 00:35:16,847] root - INFO - Loading transformer model and target encoder
[2023-02-21 00:35:16,848] root - INFO - Saving model into model pusher directory
[2023-02-21 00:35:16,852] root - INFO - Saving model in saved model dir
[2023-02-21 00:35:16,856] root - INFO - Model Pusher Artifact: ModelPusherArtifact(pusher_model_dir='/config/workspace/artifact/21022023__003516/model_pusher/saves_models', saved_model_dir='saves_models')
