[2023-02-19 11:36:58,221] root - INFO - Export collection data as pandas dataframe
[2023-02-19 11:36:58,221] root - INFO - Reading data from database: {database_name} and collection:{collection_name}
[2023-02-19 11:36:58,497] root - INFO - Find columns:Index(['_id', 'age', 'sex', 'bmi', 'children', 'smoker', 'region', 'expenses'], dtype='object')
[2023-02-19 11:36:58,498] root - INFO - Dropping columns: _id
[2023-02-19 11:36:58,501] root - INFO - Rows and Columns in df: (17394, 7)
[2023-02-19 11:36:58,501] root - INFO - Save data in feature store
[2023-02-19 11:36:58,504] root - INFO - create feature store folder if not available
[2023-02-19 11:36:58,505] root - INFO - save df to feature store folder
[2023-02-19 11:36:58,577] root - INFO - split dataset into train and test set
[2023-02-19 11:36:58,580] root - INFO - create dataset directory if not available
[2023-02-19 11:36:58,581] root - INFO - Save df to feature store folder
[2023-02-19 11:36:58,659] root - INFO - Data Ingestion Artifact: DataIngestionArtifact(feature_store_file_path='/config/workspace/artifact/19022023__113658/data_ingestion/feature_store/insurance.csv', train_file_path='/config/workspace/artifact/19022023__113658/data_ingestion/dataset/train.csv', test_file_path='/config/workspace/artifact/19022023__113658/data_ingestion/dataset/test.csv')
[2023-02-19 11:36:58,664] root - INFO - f**********Data_Validation***********
[2023-02-19 11:36:58,664] root - INFO - Reading train dataframe
[2023-02-19 11:36:58,669] root - INFO - Replace na value in base df
[2023-02-19 11:36:58,669] root - INFO - Drop null values colums from base df
[2023-02-19 11:36:58,671] root - INFO - selecting column names which contains null above 0.2
[2023-02-19 11:36:58,671] root - INFO - Columns to drop: []
[2023-02-19 11:36:58,672] root - INFO - Reading train dataframe
[2023-02-19 11:36:58,681] root - INFO - Reading test dataframe
[2023-02-19 11:36:58,693] root - INFO - selecting column names which contains null above 0.2
[2023-02-19 11:36:58,694] root - INFO - Columns to drop: []
[2023-02-19 11:36:58,697] root - INFO - selecting column names which contains null above 0.2
[2023-02-19 11:36:58,698] root - INFO - Columns to drop: []
[2023-02-19 11:36:58,703] root - INFO - Is all required columns present in train df
[2023-02-19 11:36:58,703] root - INFO - Is all required columns present in test df
[2023-02-19 11:36:58,703] root - INFO - As all column are available in train df hence detecting data drift
[2023-02-19 11:36:58,787] root - INFO - As all column are available in test df hence detecting data drift
[2023-02-19 11:36:58,812] root - INFO - writing report in yaml file
[2023-02-19 11:36:58,814] root - INFO - Data Validation Artifact: DataValidationArtifact(report_file_path='/config/workspace/artifact/19022023__113658/data_validation/report.yaml')
[2023-02-19 11:36:58,930] root - INFO - Model evaluation artifact: ModelEvaluationArtifact(is_model_expected=True, improved_accuracy=None)
[2023-02-19 11:36:58,931] root - INFO - Loading transformer model and target encoder
[2023-02-19 11:36:58,931] root - INFO - Saving model into model pusher directory
[2023-02-19 11:36:58,935] root - INFO - Saving model in saved model dir
[2023-02-19 11:36:58,939] root - INFO - Model Pusher Artifact: ModelPusherArtifact(pusher_model_dir='/config/workspace/artifact/19022023__113658/model_pusher/saves_models', saved_model_dir='saves_models')
