[2023-02-18 13:08:58,061] root - INFO - Export collection data as pandas dataframe
[2023-02-18 13:08:58,061] root - INFO - Reading data from database: {database_name} and collection:{collection_name}
[2023-02-18 13:08:58,323] root - INFO - Find columns:Index(['_id', 'age', 'sex', 'bmi', 'children', 'smoker', 'region', 'expenses'], dtype='object')
[2023-02-18 13:08:58,323] root - INFO - Dropping columns: _id
[2023-02-18 13:08:58,326] root - INFO - Rows and Columns in df: (16056, 7)
[2023-02-18 13:08:58,326] root - INFO - Save data in feature store
[2023-02-18 13:08:58,329] root - INFO - create feature store folder if not available
[2023-02-18 13:08:58,329] root - INFO - save df to feature store folder
[2023-02-18 13:08:58,397] root - INFO - split dataset into train and test set
[2023-02-18 13:08:58,400] root - INFO - create dataset directory if not available
[2023-02-18 13:08:58,401] root - INFO - Save df to feature store folder
[2023-02-18 13:08:58,473] root - INFO - Data Ingestion Artifact: DataIngestionArtifact(feature_store_file_path='/config/workspace/artifact/18022023__130858/data_ingestion/feature_store/insurance.csv', train_file_path='/config/workspace/artifact/18022023__130858/data_ingestion/dataset/train.csv', test_file_path='/config/workspace/artifact/18022023__130858/data_ingestion/dataset/test.csv')
[2023-02-18 13:08:58,477] root - INFO - f**********Data_Validation***********
[2023-02-18 13:08:58,477] root - INFO - Reading train dataframe
[2023-02-18 13:08:58,482] root - INFO - Replace na value in base df
[2023-02-18 13:08:58,482] root - INFO - Drop null values colums from base df
[2023-02-18 13:08:58,484] root - INFO - selecting column names which contains null above 0.2
[2023-02-18 13:08:58,484] root - INFO - Columns to drop: []
[2023-02-18 13:08:58,485] root - INFO - Reading train dataframe
[2023-02-18 13:08:58,493] root - INFO - Reading test dataframe
[2023-02-18 13:08:58,505] root - INFO - selecting column names which contains null above 0.2
[2023-02-18 13:08:58,506] root - INFO - Columns to drop: []
[2023-02-18 13:08:58,509] root - INFO - selecting column names which contains null above 0.2
[2023-02-18 13:08:58,510] root - INFO - Columns to drop: []
[2023-02-18 13:08:58,514] root - INFO - Is all required columns present in train df
[2023-02-18 13:08:58,514] root - INFO - Is all required columns present in test df
[2023-02-18 13:08:58,514] root - INFO - As all column are available in train df hence detecting data drift
[2023-02-18 13:08:58,601] root - INFO - As all column are available in test df hence detecting data drift
[2023-02-18 13:08:58,626] root - INFO - writing report in yaml file
[2023-02-18 13:08:58,627] root - INFO - Data Validation Artifact: DataValidationArtifact(report_file_path='/config/workspace/artifact/18022023__130858/data_validation/report.yaml')
[2023-02-18 13:08:58,695] root - INFO - Model evaluation artifact: ModelEvaluationArtifact(is_model_expected=True, improved_accuracy=None)
[2023-02-18 13:08:58,695] root - INFO - Loading transformer model and target encoder
[2023-02-18 13:08:58,696] root - INFO - Saving model into model pusher directory
[2023-02-18 13:08:58,700] root - INFO - Saving model in saved model dir
