[2023-02-04 13:28:17,864] root - INFO - Export collection data as pandas dataframe
[2023-02-04 13:28:17,864] root - INFO - Reading data from database: {database_name} and collection:{collection_name}
[2023-02-04 13:28:17,988] root - INFO - Find columns:Index(['_id', 'age', 'sex', 'bmi', 'children', 'smoker', 'region', 'expenses'], dtype='object')
[2023-02-04 13:28:17,988] root - INFO - Dropping columns: _id
[2023-02-04 13:28:17,990] root - INFO - Rows and Columns in df: (8028, 7)
[2023-02-04 13:28:17,990] root - INFO - Save data in feature store
[2023-02-04 13:28:17,992] root - INFO - create feature store folder if not available
[2023-02-04 13:28:17,992] root - INFO - save df to feature store folder
[2023-02-04 13:28:18,026] root - INFO - split dataset into train and test set
[2023-02-04 13:28:18,028] root - INFO - create dataset directory if not available
[2023-02-04 13:28:18,028] root - INFO - Save df to feature store folder
[2023-02-04 13:28:18,062] root - INFO - Data Ingestion Artifact: DataIngestionArtifact(feature_store_file_path='/config/workspace/artifact/04022023__132817/data_ingestion/feature_store/insurance.csv', train_file_path='/config/workspace/artifact/04022023__132817/data_ingestion/dataset/train.csv', test_file_path='/config/workspace/artifact/04022023__132817/data_ingestion/dataset/test.csv')
[2023-02-04 13:28:18,064] root - INFO - f**********Data_Validation***********
[2023-02-04 13:28:18,064] root - INFO - Reading train dataframe
[2023-02-04 13:28:18,068] root - INFO - Replace na value in base df
[2023-02-04 13:28:18,068] root - INFO - Drop null values colums from base df
[2023-02-04 13:28:18,070] root - INFO - selecting column names which contains null above 0.2
[2023-02-04 13:28:18,070] root - INFO - Columns to drop: []
[2023-02-04 13:28:18,071] root - INFO - Reading train dataframe
[2023-02-04 13:28:18,078] root - INFO - Reading test dataframe
[2023-02-04 13:28:18,086] root - INFO - selecting column names which contains null above 0.2
[2023-02-04 13:28:18,086] root - INFO - Columns to drop: []
[2023-02-04 13:28:18,088] root - INFO - selecting column names which contains null above 0.2
[2023-02-04 13:28:18,089] root - INFO - Columns to drop: []
[2023-02-04 13:28:18,093] root - INFO - Is all required columns present in train df
[2023-02-04 13:28:18,093] root - INFO - Is all required columns present in test df
[2023-02-04 13:28:18,093] root - INFO - As all column are available in train df hence detecting data drift
[2023-02-04 13:28:18,129] root - INFO - As all column are available in test df hence detecting data drift
[2023-02-04 13:28:18,144] root - INFO - writing report in yaml file
[2023-02-04 13:28:18,145] root - INFO - Data Validation Artifact: DataValidationArtifact(report_file_path='/config/workspace/artifact/04022023__132817/data_validation/report.yaml')
