[2023-02-21 00:32:27,351] root - INFO - Export collection data as pandas dataframe
[2023-02-21 00:32:27,351] root - INFO - Reading data from database: {database_name} and collection:{collection_name}
[2023-02-21 00:32:27,669] root - INFO - Find columns:Index(['_id', 'age', 'sex', 'bmi', 'children', 'smoker', 'region', 'expenses'], dtype='object')
[2023-02-21 00:32:27,669] root - INFO - Dropping columns: _id
[2023-02-21 00:32:27,673] root - INFO - Rows and Columns in df: (21408, 7)
[2023-02-21 00:32:27,673] root - INFO - Save data in feature store
[2023-02-21 00:32:27,677] root - INFO - create feature store folder if not available
[2023-02-21 00:32:27,678] root - INFO - save df to feature store folder
[2023-02-21 00:32:27,767] root - INFO - split dataset into train and test set
[2023-02-21 00:32:27,771] root - INFO - create dataset directory if not available
[2023-02-21 00:32:27,772] root - INFO - Save df to feature store folder
[2023-02-21 00:32:27,863] root - INFO - Data Ingestion Artifact: DataIngestionArtifact(feature_store_file_path='/config/workspace/artifact/21022023__003227/data_ingestion/feature_store/insurance.csv', train_file_path='/config/workspace/artifact/21022023__003227/data_ingestion/dataset/train.csv', test_file_path='/config/workspace/artifact/21022023__003227/data_ingestion/dataset/test.csv')
[2023-02-21 00:32:27,875] root - INFO - f**********Data_Validation***********
[2023-02-21 00:32:27,875] root - INFO - Reading train dataframe
[2023-02-21 00:32:27,880] root - INFO - Replace na value in base df
[2023-02-21 00:32:27,880] root - INFO - Drop null values colums from base df
[2023-02-21 00:32:27,882] root - INFO - selecting column names which contains null above 0.2
[2023-02-21 00:32:27,883] root - INFO - Columns to drop: []
[2023-02-21 00:32:27,883] root - INFO - Reading train dataframe
[2023-02-21 00:32:27,896] root - INFO - Reading test dataframe
[2023-02-21 00:32:27,910] root - INFO - selecting column names which contains null above 0.2
[2023-02-21 00:32:27,910] root - INFO - Columns to drop: []
[2023-02-21 00:32:27,914] root - INFO - selecting column names which contains null above 0.2
[2023-02-21 00:32:27,915] root - INFO - Columns to drop: []
[2023-02-21 00:32:27,919] root - INFO - Is all required columns present in train df
[2023-02-21 00:32:27,919] root - INFO - Is all required columns present in test df
[2023-02-21 00:32:27,919] root - INFO - As all column are available in train df hence detecting data drift
[2023-02-21 00:32:28,013] root - INFO - As all column are available in test df hence detecting data drift
[2023-02-21 00:32:28,041] root - INFO - writing report in yaml file
[2023-02-21 00:32:28,042] root - INFO - Data Validation Artifact: DataValidationArtifact(report_file_path='/config/workspace/artifact/21022023__003227/data_validation/report.yaml')
[2023-02-21 00:32:28,140] root - INFO - current trained model is not better than previous trained model
