[2023-01-27 00:03:39,780] root - INFO - Export collection data as pandas dataframe
[2023-01-27 00:03:39,780] root - INFO - Reading data from database: {database_name} and collection:{collection_name}
[2023-01-27 00:03:39,856] root - INFO - Find columns:Index(['_id', 'age', 'sex', 'bmi', 'children', 'smoker', 'region', 'expenses'], dtype='object')
[2023-01-27 00:03:39,856] root - INFO - Dropping columns: _id
[2023-01-27 00:03:39,857] root - INFO - Rows and Columns in df: (2676, 7)
[2023-01-27 00:03:39,857] root - INFO - Save data in feature store
[2023-01-27 00:03:39,858] root - INFO - create feature store folder if not available
[2023-01-27 00:03:39,858] root - INFO - save df to feature store folder
[2023-01-27 00:03:39,870] root - INFO - split dataset into train and test set
[2023-01-27 00:03:39,872] root - INFO - create dataset directory if not available
[2023-01-27 00:03:39,872] root - INFO - Save df to feature store folder
[2023-01-27 00:03:39,883] root - INFO - Data Ingestion Artifact: DataIngestionArtifact(feature_store_file_path='/config/workspace/artifact/27012023__000339/data_ingestion/feature_store/insurance.csv', train_file_path='/config/workspace/artifact/27012023__000339/data_ingestion/dataset/train.csv', test_file_path='/config/workspace/artifact/27012023__000339/data_ingestion/dataset/test.csv')
[2023-01-27 00:03:39,884] root - INFO - f**********Data_Validation***********
[2023-01-27 00:03:39,884] root - INFO - Reading train dataframe
[2023-01-27 00:03:39,888] root - INFO - Replace na value in base df
[2023-01-27 00:03:39,889] root - INFO - Drop null values colums from base df
[2023-01-27 00:03:39,890] root - INFO - selecting column names which contains null above 0.2
[2023-01-27 00:03:39,891] root - INFO - Columns to drop: []
[2023-01-27 00:03:39,891] root - INFO - Reading train dataframe
[2023-01-27 00:03:39,895] root - INFO - Reading test dataframe
[2023-01-27 00:03:39,900] root - INFO - selecting column names which contains null above 0.2
[2023-01-27 00:03:39,900] root - INFO - Columns to drop: []
[2023-01-27 00:03:39,902] root - INFO - selecting column names which contains null above 0.2
[2023-01-27 00:03:39,902] root - INFO - Columns to drop: []
