[2023-02-18 12:55:37,703] root - INFO - Export collection data as pandas dataframe
[2023-02-18 12:55:37,704] root - INFO - Reading data from database: {database_name} and collection:{collection_name}
[2023-02-18 12:55:37,978] root - INFO - Find columns:Index(['_id', 'age', 'sex', 'bmi', 'children', 'smoker', 'region', 'expenses'], dtype='object')
[2023-02-18 12:55:37,979] root - INFO - Dropping columns: _id
[2023-02-18 12:55:37,982] root - INFO - Rows and Columns in df: (16056, 7)
[2023-02-18 12:55:37,982] root - INFO - Save data in feature store
[2023-02-18 12:55:37,985] root - INFO - create feature store folder if not available
[2023-02-18 12:55:37,985] root - INFO - save df to feature store folder
[2023-02-18 12:55:38,055] root - INFO - split dataset into train and test set
[2023-02-18 12:55:38,058] root - INFO - create dataset directory if not available
[2023-02-18 12:55:38,058] root - INFO - Save df to feature store folder
[2023-02-18 12:55:38,128] root - INFO - Data Ingestion Artifact: DataIngestionArtifact(feature_store_file_path='/config/workspace/artifact/18022023__125537/data_ingestion/feature_store/insurance.csv', train_file_path='/config/workspace/artifact/18022023__125537/data_ingestion/dataset/train.csv', test_file_path='/config/workspace/artifact/18022023__125537/data_ingestion/dataset/test.csv')
[2023-02-18 12:55:38,133] root - INFO - f**********Data_Validation***********
[2023-02-18 12:55:38,133] root - INFO - Reading train dataframe
[2023-02-18 12:55:38,138] root - INFO - Replace na value in base df
[2023-02-18 12:55:38,138] root - INFO - Drop null values colums from base df
[2023-02-18 12:55:38,140] root - INFO - selecting column names which contains null above 0.2
[2023-02-18 12:55:38,140] root - INFO - Columns to drop: []
[2023-02-18 12:55:38,141] root - INFO - Reading train dataframe
[2023-02-18 12:55:38,151] root - INFO - Reading test dataframe
[2023-02-18 12:55:38,163] root - INFO - selecting column names which contains null above 0.2
[2023-02-18 12:55:38,163] root - INFO - Columns to drop: []
[2023-02-18 12:55:38,167] root - INFO - selecting column names which contains null above 0.2
[2023-02-18 12:55:38,167] root - INFO - Columns to drop: []
[2023-02-18 12:55:38,171] root - INFO - Is all required columns present in train df
[2023-02-18 12:55:38,172] root - INFO - Is all required columns present in test df
[2023-02-18 12:55:38,172] root - INFO - As all column are available in train df hence detecting data drift
[2023-02-18 12:55:38,252] root - INFO - As all column are available in test df hence detecting data drift
[2023-02-18 12:55:38,276] root - INFO - writing report in yaml file
[2023-02-18 12:55:38,278] root - INFO - Data Validation Artifact: DataValidationArtifact(report_file_path='/config/workspace/artifact/18022023__125537/data_validation/report.yaml')
[2023-02-18 12:55:38,348] root - INFO - Model evaluation artifact: ModelEvaluationArtifact(is_model_expected=True, improved_accuracy=None)
[2023-02-18 12:55:38,348] root - INFO - Loading transformer model and target encoder
[2023-02-18 12:55:38,348] root - INFO - Saving model into model pusher directory
[2023-02-18 12:55:38,353] root - INFO - Saving model in saved model dir
