[2023-02-02 23:05:50,246] root - INFO - Export collection data as pandas dataframe
[2023-02-02 23:05:50,247] root - INFO - Reading data from database: {database_name} and collection:{collection_name}
[2023-02-02 23:05:50,348] root - INFO - Find columns:Index(['_id', 'age', 'sex', 'bmi', 'children', 'smoker', 'region', 'expenses'], dtype='object')
[2023-02-02 23:05:50,349] root - INFO - Dropping columns: _id
[2023-02-02 23:05:50,351] root - INFO - Rows and Columns in df: (2676, 7)
[2023-02-02 23:05:50,352] root - INFO - Save data in feature store
[2023-02-02 23:05:50,354] root - INFO - create feature store folder if not available
[2023-02-02 23:05:50,355] root - INFO - save df to feature store folder
[2023-02-02 23:05:50,378] root - INFO - split dataset into train and test set
[2023-02-02 23:05:50,382] root - INFO - create dataset directory if not available
[2023-02-02 23:05:50,382] root - INFO - Save df to feature store folder
[2023-02-02 23:05:50,407] root - INFO - Data Ingestion Artifact: DataIngestionArtifact(feature_store_file_path='/config/workspace/artifact/02022023__230550/data_ingestion/feature_store/insurance.csv', train_file_path='/config/workspace/artifact/02022023__230550/data_ingestion/dataset/train.csv', test_file_path='/config/workspace/artifact/02022023__230550/data_ingestion/dataset/test.csv')
[2023-02-02 23:05:50,409] root - INFO - f**********Data_Validation***********
[2023-02-02 23:05:50,409] root - INFO - Reading train dataframe
[2023-02-02 23:05:50,419] root - INFO - Replace na value in base df
[2023-02-02 23:05:50,419] root - INFO - Drop null values colums from base df
[2023-02-02 23:05:50,422] root - INFO - selecting column names which contains null above 0.2
[2023-02-02 23:05:50,423] root - INFO - Columns to drop: []
[2023-02-02 23:05:50,425] root - INFO - Reading train dataframe
[2023-02-02 23:05:50,432] root - INFO - Reading test dataframe
[2023-02-02 23:05:50,441] root - INFO - selecting column names which contains null above 0.2
[2023-02-02 23:05:50,442] root - INFO - Columns to drop: []
[2023-02-02 23:05:50,446] root - INFO - selecting column names which contains null above 0.2
[2023-02-02 23:05:50,447] root - INFO - Columns to drop: []
[2023-02-02 23:05:50,455] root - INFO - Is all required columns present in train df
[2023-02-02 23:05:50,456] root - INFO - Is all required columns present in test df
[2023-02-02 23:05:50,456] root - INFO - As all column are available in train df hence detecting data drift
[2023-02-02 23:05:50,484] root - INFO - As all column are available in test df hence detecting data drift
[2023-02-02 23:05:50,500] root - INFO - writing report in yaml file
[2023-02-02 23:05:50,503] root - INFO - Data Validation Artifact: DataValidationArtifact(report_file_path='/config/workspace/artifact/02022023__230550/data_validation/report.yaml')
