[2023-02-03 15:00:38,102] root - INFO - Export collection data as pandas dataframe
[2023-02-03 15:00:38,102] root - INFO - Reading data from database: {database_name} and collection:{collection_name}
[2023-02-03 15:00:38,222] root - INFO - Find columns:Index(['_id', 'age', 'sex', 'bmi', 'children', 'smoker', 'region', 'expenses'], dtype='object')
[2023-02-03 15:00:38,222] root - INFO - Dropping columns: _id
[2023-02-03 15:00:38,224] root - INFO - Rows and Columns in df: (6690, 7)
[2023-02-03 15:00:38,224] root - INFO - Save data in feature store
[2023-02-03 15:00:38,226] root - INFO - create feature store folder if not available
[2023-02-03 15:00:38,226] root - INFO - save df to feature store folder
[2023-02-03 15:00:38,254] root - INFO - split dataset into train and test set
[2023-02-03 15:00:38,256] root - INFO - create dataset directory if not available
[2023-02-03 15:00:38,257] root - INFO - Save df to feature store folder
[2023-02-03 15:00:38,285] root - INFO - Data Ingestion Artifact: DataIngestionArtifact(feature_store_file_path='/config/workspace/artifact/03022023__150038/data_ingestion/feature_store/insurance.csv', train_file_path='/config/workspace/artifact/03022023__150038/data_ingestion/dataset/train.csv', test_file_path='/config/workspace/artifact/03022023__150038/data_ingestion/dataset/test.csv')
[2023-02-03 15:00:38,286] root - INFO - f**********Data_Validation***********
[2023-02-03 15:00:38,286] root - INFO - Reading train dataframe
[2023-02-03 15:00:38,291] root - INFO - Replace na value in base df
[2023-02-03 15:00:38,291] root - INFO - Drop null values colums from base df
[2023-02-03 15:00:38,293] root - INFO - selecting column names which contains null above 0.2
[2023-02-03 15:00:38,293] root - INFO - Columns to drop: []
[2023-02-03 15:00:38,294] root - INFO - Reading train dataframe
[2023-02-03 15:00:38,302] root - INFO - Reading test dataframe
[2023-02-03 15:00:38,311] root - INFO - selecting column names which contains null above 0.2
[2023-02-03 15:00:38,311] root - INFO - Columns to drop: []
[2023-02-03 15:00:38,314] root - INFO - selecting column names which contains null above 0.2
[2023-02-03 15:00:38,314] root - INFO - Columns to drop: []
[2023-02-03 15:00:38,318] root - INFO - Is all required columns present in train df
[2023-02-03 15:00:38,318] root - INFO - Is all required columns present in test df
[2023-02-03 15:00:38,318] root - INFO - As all column are available in train df hence detecting data drift
[2023-02-03 15:00:38,351] root - INFO - As all column are available in test df hence detecting data drift
[2023-02-03 15:00:38,366] root - INFO - writing report in yaml file
[2023-02-03 15:00:38,367] root - INFO - Data Validation Artifact: DataValidationArtifact(report_file_path='/config/workspace/artifact/03022023__150038/data_validation/report.yaml')
