[2023-02-19 11:31:41,070] root - INFO - Export collection data as pandas dataframe
[2023-02-19 11:31:41,070] root - INFO - Reading data from database: {database_name} and collection:{collection_name}
[2023-02-19 11:31:41,350] root - INFO - Find columns:Index(['_id', 'age', 'sex', 'bmi', 'children', 'smoker', 'region', 'expenses'], dtype='object')
[2023-02-19 11:31:41,350] root - INFO - Dropping columns: _id
[2023-02-19 11:31:41,353] root - INFO - Rows and Columns in df: (17394, 7)
[2023-02-19 11:31:41,354] root - INFO - Save data in feature store
[2023-02-19 11:31:41,357] root - INFO - create feature store folder if not available
[2023-02-19 11:31:41,357] root - INFO - save df to feature store folder
[2023-02-19 11:31:41,429] root - INFO - split dataset into train and test set
[2023-02-19 11:31:41,433] root - INFO - create dataset directory if not available
[2023-02-19 11:31:41,433] root - INFO - Save df to feature store folder
[2023-02-19 11:31:41,507] root - INFO - Data Ingestion Artifact: DataIngestionArtifact(feature_store_file_path='/config/workspace/artifact/19022023__113141/data_ingestion/feature_store/insurance.csv', train_file_path='/config/workspace/artifact/19022023__113141/data_ingestion/dataset/train.csv', test_file_path='/config/workspace/artifact/19022023__113141/data_ingestion/dataset/test.csv')
[2023-02-19 11:31:41,512] root - INFO - f**********Data_Validation***********
[2023-02-19 11:31:41,513] root - INFO - Reading train dataframe
[2023-02-19 11:31:41,518] root - INFO - Replace na value in base df
[2023-02-19 11:31:41,518] root - INFO - Drop null values colums from base df
[2023-02-19 11:31:41,520] root - INFO - selecting column names which contains null above 0.2
[2023-02-19 11:31:41,520] root - INFO - Columns to drop: []
[2023-02-19 11:31:41,521] root - INFO - Reading train dataframe
[2023-02-19 11:31:41,531] root - INFO - Reading test dataframe
[2023-02-19 11:31:41,543] root - INFO - selecting column names which contains null above 0.2
[2023-02-19 11:31:41,543] root - INFO - Columns to drop: []
[2023-02-19 11:31:41,547] root - INFO - selecting column names which contains null above 0.2
[2023-02-19 11:31:41,548] root - INFO - Columns to drop: []
[2023-02-19 11:31:41,553] root - INFO - Is all required columns present in train df
[2023-02-19 11:31:41,553] root - INFO - Is all required columns present in test df
[2023-02-19 11:31:41,553] root - INFO - As all column are available in train df hence detecting data drift
[2023-02-19 11:31:41,638] root - INFO - As all column are available in test df hence detecting data drift
[2023-02-19 11:31:41,667] root - INFO - writing report in yaml file
[2023-02-19 11:31:41,669] root - INFO - Data Validation Artifact: DataValidationArtifact(report_file_path='/config/workspace/artifact/19022023__113141/data_validation/report.yaml')
[2023-02-19 11:31:41,741] root - INFO - Model evaluation artifact: ModelEvaluationArtifact(is_model_expected=True, improved_accuracy=None)
[2023-02-19 11:31:41,742] root - INFO - Loading transformer model and target encoder
[2023-02-19 11:31:41,742] root - INFO - Saving model into model pusher directory
[2023-02-19 11:31:41,746] root - INFO - Saving model in saved model dir
