[2023-02-17 21:26:09,896] root - INFO - Export collection data as pandas dataframe
[2023-02-17 21:26:09,896] root - INFO - Reading data from database: {database_name} and collection:{collection_name}
[2023-02-17 21:26:10,157] root - INFO - Find columns:Index(['_id', 'age', 'sex', 'bmi', 'children', 'smoker', 'region', 'expenses'], dtype='object')
[2023-02-17 21:26:10,157] root - INFO - Dropping columns: _id
[2023-02-17 21:26:10,160] root - INFO - Rows and Columns in df: (14718, 7)
[2023-02-17 21:26:10,160] root - INFO - Save data in feature store
[2023-02-17 21:26:10,163] root - INFO - create feature store folder if not available
[2023-02-17 21:26:10,163] root - INFO - save df to feature store folder
[2023-02-17 21:26:10,229] root - INFO - split dataset into train and test set
[2023-02-17 21:26:10,233] root - INFO - create dataset directory if not available
[2023-02-17 21:26:10,233] root - INFO - Save df to feature store folder
[2023-02-17 21:26:10,301] root - INFO - Data Ingestion Artifact: DataIngestionArtifact(feature_store_file_path='/config/workspace/artifact/17022023__212609/data_ingestion/feature_store/insurance.csv', train_file_path='/config/workspace/artifact/17022023__212609/data_ingestion/dataset/train.csv', test_file_path='/config/workspace/artifact/17022023__212609/data_ingestion/dataset/test.csv')
[2023-02-17 21:26:10,305] root - INFO - f**********Data_Validation***********
[2023-02-17 21:26:10,305] root - INFO - Reading train dataframe
[2023-02-17 21:26:10,311] root - INFO - Replace na value in base df
[2023-02-17 21:26:10,311] root - INFO - Drop null values colums from base df
[2023-02-17 21:26:10,313] root - INFO - selecting column names which contains null above 0.2
[2023-02-17 21:26:10,313] root - INFO - Columns to drop: []
[2023-02-17 21:26:10,314] root - INFO - Reading train dataframe
[2023-02-17 21:26:10,322] root - INFO - Reading test dataframe
[2023-02-17 21:26:10,333] root - INFO - selecting column names which contains null above 0.2
[2023-02-17 21:26:10,334] root - INFO - Columns to drop: []
[2023-02-17 21:26:10,337] root - INFO - selecting column names which contains null above 0.2
[2023-02-17 21:26:10,338] root - INFO - Columns to drop: []
[2023-02-17 21:26:10,343] root - INFO - Is all required columns present in train df
[2023-02-17 21:26:10,343] root - INFO - Is all required columns present in test df
[2023-02-17 21:26:10,343] root - INFO - As all column are available in train df hence detecting data drift
[2023-02-17 21:26:10,417] root - INFO - As all column are available in test df hence detecting data drift
[2023-02-17 21:26:10,440] root - INFO - writing report in yaml file
[2023-02-17 21:26:10,442] root - INFO - Data Validation Artifact: DataValidationArtifact(report_file_path='/config/workspace/artifact/17022023__212609/data_validation/report.yaml')
[2023-02-17 21:26:10,516] root - INFO - Model evaluation artifact: ModelEvaluationArtifact(is_model_expected=True, improved_accuracy=None)
[2023-02-17 21:26:10,516] root - INFO - Loading transformer model and target encoder
