[2023-02-19 11:36:34,447] root - INFO - Export collection data as pandas dataframe
[2023-02-19 11:36:34,447] root - INFO - Reading data from database: {database_name} and collection:{collection_name}
[2023-02-19 11:36:34,724] root - INFO - Find columns:Index(['_id', 'age', 'sex', 'bmi', 'children', 'smoker', 'region', 'expenses'], dtype='object')
[2023-02-19 11:36:34,725] root - INFO - Dropping columns: _id
[2023-02-19 11:36:34,728] root - INFO - Rows and Columns in df: (17394, 7)
[2023-02-19 11:36:34,728] root - INFO - Save data in feature store
[2023-02-19 11:36:34,732] root - INFO - create feature store folder if not available
[2023-02-19 11:36:34,734] root - INFO - save df to feature store folder
[2023-02-19 11:36:34,810] root - INFO - split dataset into train and test set
[2023-02-19 11:36:34,814] root - INFO - create dataset directory if not available
[2023-02-19 11:36:34,814] root - INFO - Save df to feature store folder
[2023-02-19 11:36:34,891] root - INFO - Data Ingestion Artifact: DataIngestionArtifact(feature_store_file_path='/config/workspace/artifact/19022023__113634/data_ingestion/feature_store/insurance.csv', train_file_path='/config/workspace/artifact/19022023__113634/data_ingestion/dataset/train.csv', test_file_path='/config/workspace/artifact/19022023__113634/data_ingestion/dataset/test.csv')
[2023-02-19 11:36:34,896] root - INFO - f**********Data_Validation***********
[2023-02-19 11:36:34,897] root - INFO - Reading train dataframe
[2023-02-19 11:36:34,902] root - INFO - Replace na value in base df
[2023-02-19 11:36:34,902] root - INFO - Drop null values colums from base df
[2023-02-19 11:36:34,904] root - INFO - selecting column names which contains null above 0.2
[2023-02-19 11:36:34,904] root - INFO - Columns to drop: []
[2023-02-19 11:36:34,905] root - INFO - Reading train dataframe
[2023-02-19 11:36:34,915] root - INFO - Reading test dataframe
[2023-02-19 11:36:34,928] root - INFO - selecting column names which contains null above 0.2
[2023-02-19 11:36:34,928] root - INFO - Columns to drop: []
[2023-02-19 11:36:34,932] root - INFO - selecting column names which contains null above 0.2
[2023-02-19 11:36:34,932] root - INFO - Columns to drop: []
[2023-02-19 11:36:34,937] root - INFO - Is all required columns present in train df
[2023-02-19 11:36:34,937] root - INFO - Is all required columns present in test df
[2023-02-19 11:36:34,937] root - INFO - As all column are available in train df hence detecting data drift
[2023-02-19 11:36:35,020] root - INFO - As all column are available in test df hence detecting data drift
[2023-02-19 11:36:35,045] root - INFO - writing report in yaml file
[2023-02-19 11:36:35,047] root - INFO - Data Validation Artifact: DataValidationArtifact(report_file_path='/config/workspace/artifact/19022023__113634/data_validation/report.yaml')
[2023-02-19 11:36:35,120] root - INFO - Model evaluation artifact: ModelEvaluationArtifact(is_model_expected=True, improved_accuracy=None)
[2023-02-19 11:36:35,120] root - INFO - Loading transformer model and target encoder
[2023-02-19 11:36:35,120] root - INFO - Saving model into model pusher directory
[2023-02-19 11:36:35,124] root - INFO - Saving model in saved model dir
