[2023-02-21 00:35:48,889] root - INFO - Export collection data as pandas dataframe
[2023-02-21 00:35:48,889] root - INFO - Reading data from database: {database_name} and collection:{collection_name}
[2023-02-21 00:35:49,207] root - INFO - Find columns:Index(['_id', 'age', 'sex', 'bmi', 'children', 'smoker', 'region', 'expenses'], dtype='object')
[2023-02-21 00:35:49,208] root - INFO - Dropping columns: _id
[2023-02-21 00:35:49,211] root - INFO - Rows and Columns in df: (21408, 7)
[2023-02-21 00:35:49,212] root - INFO - Save data in feature store
[2023-02-21 00:35:49,216] root - INFO - create feature store folder if not available
[2023-02-21 00:35:49,216] root - INFO - save df to feature store folder
[2023-02-21 00:35:49,303] root - INFO - split dataset into train and test set
[2023-02-21 00:35:49,308] root - INFO - create dataset directory if not available
[2023-02-21 00:35:49,308] root - INFO - Save df to feature store folder
[2023-02-21 00:35:49,403] root - INFO - Data Ingestion Artifact: DataIngestionArtifact(feature_store_file_path='/config/workspace/artifact/21022023__003548/data_ingestion/feature_store/insurance.csv', train_file_path='/config/workspace/artifact/21022023__003548/data_ingestion/dataset/train.csv', test_file_path='/config/workspace/artifact/21022023__003548/data_ingestion/dataset/test.csv')
[2023-02-21 00:35:49,410] root - INFO - f**********Data_Validation***********
[2023-02-21 00:35:49,410] root - INFO - Reading train dataframe
[2023-02-21 00:35:49,415] root - INFO - Replace na value in base df
[2023-02-21 00:35:49,415] root - INFO - Drop null values colums from base df
[2023-02-21 00:35:49,417] root - INFO - selecting column names which contains null above 0.2
[2023-02-21 00:35:49,417] root - INFO - Columns to drop: []
[2023-02-21 00:35:49,418] root - INFO - Reading train dataframe
[2023-02-21 00:35:49,430] root - INFO - Reading test dataframe
[2023-02-21 00:35:49,444] root - INFO - selecting column names which contains null above 0.2
[2023-02-21 00:35:49,444] root - INFO - Columns to drop: []
[2023-02-21 00:35:49,449] root - INFO - selecting column names which contains null above 0.2
[2023-02-21 00:35:49,449] root - INFO - Columns to drop: []
[2023-02-21 00:35:49,453] root - INFO - Is all required columns present in train df
[2023-02-21 00:35:49,454] root - INFO - Is all required columns present in test df
[2023-02-21 00:35:49,454] root - INFO - As all column are available in train df hence detecting data drift
[2023-02-21 00:35:49,550] root - INFO - As all column are available in test df hence detecting data drift
[2023-02-21 00:35:49,577] root - INFO - writing report in yaml file
[2023-02-21 00:35:49,579] root - INFO - Data Validation Artifact: DataValidationArtifact(report_file_path='/config/workspace/artifact/21022023__003548/data_validation/report.yaml')
[2023-02-21 00:35:49,680] root - INFO - current trained model is not better than previous trained model
[2023-02-21 00:35:49,681] root - INFO - Loading transformer model and target encoder
[2023-02-21 00:35:49,682] root - INFO - Saving model into model pusher directory
[2023-02-21 00:35:49,686] root - INFO - Saving model in saved model dir
[2023-02-21 00:35:49,691] root - INFO - Model Pusher Artifact: ModelPusherArtifact(pusher_model_dir='/config/workspace/artifact/21022023__003548/model_pusher/saves_models', saved_model_dir='saves_models')
