[2023-02-19 14:25:22,007] root - INFO - Export collection data as pandas dataframe
[2023-02-19 14:25:22,008] root - INFO - Reading data from database: {database_name} and collection:{collection_name}
[2023-02-19 14:25:22,266] root - INFO - Find columns:Index(['_id', 'age', 'sex', 'bmi', 'children', 'smoker', 'region', 'expenses'], dtype='object')
[2023-02-19 14:25:22,267] root - INFO - Dropping columns: _id
[2023-02-19 14:25:22,269] root - INFO - Rows and Columns in df: (17394, 7)
[2023-02-19 14:25:22,270] root - INFO - Save data in feature store
[2023-02-19 14:25:22,273] root - INFO - create feature store folder if not available
[2023-02-19 14:25:22,273] root - INFO - save df to feature store folder
[2023-02-19 14:25:22,349] root - INFO - split dataset into train and test set
[2023-02-19 14:25:22,354] root - INFO - create dataset directory if not available
[2023-02-19 14:25:22,354] root - INFO - Save df to feature store folder
[2023-02-19 14:25:22,433] root - INFO - Data Ingestion Artifact: DataIngestionArtifact(feature_store_file_path='/config/workspace/artifact/19022023__142522/data_ingestion/feature_store/insurance.csv', train_file_path='/config/workspace/artifact/19022023__142522/data_ingestion/dataset/train.csv', test_file_path='/config/workspace/artifact/19022023__142522/data_ingestion/dataset/test.csv')
[2023-02-19 14:25:22,437] root - INFO - f**********Data_Validation***********
[2023-02-19 14:25:22,437] root - INFO - Reading train dataframe
[2023-02-19 14:25:22,442] root - INFO - Replace na value in base df
[2023-02-19 14:25:22,442] root - INFO - Drop null values colums from base df
[2023-02-19 14:25:22,444] root - INFO - selecting column names which contains null above 0.2
[2023-02-19 14:25:22,444] root - INFO - Columns to drop: []
[2023-02-19 14:25:22,445] root - INFO - Reading train dataframe
[2023-02-19 14:25:22,455] root - INFO - Reading test dataframe
[2023-02-19 14:25:22,468] root - INFO - selecting column names which contains null above 0.2
[2023-02-19 14:25:22,468] root - INFO - Columns to drop: []
[2023-02-19 14:25:22,472] root - INFO - selecting column names which contains null above 0.2
[2023-02-19 14:25:22,473] root - INFO - Columns to drop: []
[2023-02-19 14:25:22,477] root - INFO - Is all required columns present in train df
[2023-02-19 14:25:22,478] root - INFO - Is all required columns present in test df
[2023-02-19 14:25:22,478] root - INFO - As all column are available in train df hence detecting data drift
[2023-02-19 14:25:22,564] root - INFO - As all column are available in test df hence detecting data drift
[2023-02-19 14:25:22,589] root - INFO - writing report in yaml file
[2023-02-19 14:25:22,591] root - INFO - Data Validation Artifact: DataValidationArtifact(report_file_path='/config/workspace/artifact/19022023__142522/data_validation/report.yaml')
[2023-02-19 14:25:22,671] root - INFO - Model evaluation artifact: ModelEvaluationArtifact(is_model_expected=True, improved_accuracy=None)
[2023-02-19 14:25:22,672] root - INFO - Loading transformer model and target encoder
[2023-02-19 14:25:22,672] root - INFO - Saving model into model pusher directory
[2023-02-19 14:25:22,676] root - INFO - Saving model in saved model dir
[2023-02-19 14:25:22,680] root - INFO - Model Pusher Artifact: ModelPusherArtifact(pusher_model_dir='/config/workspace/artifact/19022023__142522/model_pusher/saves_models', saved_model_dir='saves_models')
