[2023-02-02 23:07:34,635] root - INFO - Export collection data as pandas dataframe
[2023-02-02 23:07:34,635] root - INFO - Reading data from database: {database_name} and collection:{collection_name}
[2023-02-02 23:07:34,798] root - INFO - Find columns:Index(['_id', 'age', 'sex', 'bmi', 'children', 'smoker', 'region', 'expenses'], dtype='object')
[2023-02-02 23:07:34,798] root - INFO - Dropping columns: _id
[2023-02-02 23:07:34,801] root - INFO - Rows and Columns in df: (2676, 7)
[2023-02-02 23:07:34,802] root - INFO - Save data in feature store
[2023-02-02 23:07:34,803] root - INFO - create feature store folder if not available
[2023-02-02 23:07:34,804] root - INFO - save df to feature store folder
[2023-02-02 23:07:34,828] root - INFO - split dataset into train and test set
[2023-02-02 23:07:34,831] root - INFO - create dataset directory if not available
[2023-02-02 23:07:34,832] root - INFO - Save df to feature store folder
[2023-02-02 23:07:34,857] root - INFO - Data Ingestion Artifact: DataIngestionArtifact(feature_store_file_path='/config/workspace/artifact/02022023__230734/data_ingestion/feature_store/insurance.csv', train_file_path='/config/workspace/artifact/02022023__230734/data_ingestion/dataset/train.csv', test_file_path='/config/workspace/artifact/02022023__230734/data_ingestion/dataset/test.csv')
[2023-02-02 23:07:34,858] root - INFO - f**********Data_Validation***********
[2023-02-02 23:07:34,859] root - INFO - Reading train dataframe
[2023-02-02 23:07:34,868] root - INFO - Replace na value in base df
[2023-02-02 23:07:34,868] root - INFO - Drop null values colums from base df
[2023-02-02 23:07:34,871] root - INFO - selecting column names which contains null above 0.2
[2023-02-02 23:07:34,872] root - INFO - Columns to drop: []
[2023-02-02 23:07:34,874] root - INFO - Reading train dataframe
[2023-02-02 23:07:34,881] root - INFO - Reading test dataframe
[2023-02-02 23:07:34,890] root - INFO - selecting column names which contains null above 0.2
[2023-02-02 23:07:34,891] root - INFO - Columns to drop: []
[2023-02-02 23:07:34,894] root - INFO - selecting column names which contains null above 0.2
[2023-02-02 23:07:34,895] root - INFO - Columns to drop: []
[2023-02-02 23:07:34,903] root - INFO - Is all required columns present in train df
[2023-02-02 23:07:34,903] root - INFO - Is all required columns present in test df
[2023-02-02 23:07:34,904] root - INFO - As all column are available in train df hence detecting data drift
[2023-02-02 23:07:34,931] root - INFO - As all column are available in test df hence detecting data drift
[2023-02-02 23:07:34,948] root - INFO - writing report in yaml file
[2023-02-02 23:07:34,951] root - INFO - Data Validation Artifact: DataValidationArtifact(report_file_path='/config/workspace/artifact/02022023__230734/data_validation/report.yaml')
