[2023-01-27 01:02:43,929] root - INFO - Export collection data as pandas dataframe
[2023-01-27 01:02:43,929] root - INFO - Reading data from database: {database_name} and collection:{collection_name}
[2023-01-27 01:02:44,005] root - INFO - Find columns:Index(['_id', 'age', 'sex', 'bmi', 'children', 'smoker', 'region', 'expenses'], dtype='object')
[2023-01-27 01:02:44,005] root - INFO - Dropping columns: _id
[2023-01-27 01:02:44,006] root - INFO - Rows and Columns in df: (2676, 7)
[2023-01-27 01:02:44,007] root - INFO - Save data in feature store
[2023-01-27 01:02:44,007] root - INFO - create feature store folder if not available
[2023-01-27 01:02:44,007] root - INFO - save df to feature store folder
[2023-01-27 01:02:44,020] root - INFO - split dataset into train and test set
[2023-01-27 01:02:44,021] root - INFO - create dataset directory if not available
[2023-01-27 01:02:44,022] root - INFO - Save df to feature store folder
[2023-01-27 01:02:44,034] root - INFO - Data Ingestion Artifact: DataIngestionArtifact(feature_store_file_path='/config/workspace/artifact/27012023__010243/data_ingestion/feature_store/insurance.csv', train_file_path='/config/workspace/artifact/27012023__010243/data_ingestion/dataset/train.csv', test_file_path='/config/workspace/artifact/27012023__010243/data_ingestion/dataset/test.csv')
[2023-01-27 01:02:44,035] root - INFO - f**********Data_Validation***********
[2023-01-27 01:02:44,035] root - INFO - Reading train dataframe
[2023-01-27 01:02:44,040] root - INFO - Replace na value in base df
[2023-01-27 01:02:44,040] root - INFO - Drop null values colums from base df
[2023-01-27 01:02:44,042] root - INFO - selecting column names which contains null above 0.2
[2023-01-27 01:02:44,042] root - INFO - Columns to drop: []
[2023-01-27 01:02:44,043] root - INFO - Reading train dataframe
[2023-01-27 01:02:44,046] root - INFO - Reading test dataframe
[2023-01-27 01:02:44,051] root - INFO - selecting column names which contains null above 0.2
[2023-01-27 01:02:44,051] root - INFO - Columns to drop: []
[2023-01-27 01:02:44,053] root - INFO - selecting column names which contains null above 0.2
[2023-01-27 01:02:44,053] root - INFO - Columns to drop: []
[2023-01-27 01:02:44,057] root - INFO - Is all required columns present in train df
[2023-01-27 01:02:44,058] root - INFO - Is all required columns present in test df
[2023-01-27 01:02:44,058] root - INFO - As all column are available in train df hence detecting data drift
[2023-01-27 01:02:44,074] root - INFO - As all column are available in test df hence detecting data drift
[2023-01-27 01:02:44,084] root - INFO - writing report in yaml file
