[2023-02-16 19:32:36,969] root - INFO - Export collection data as pandas dataframe
[2023-02-16 19:32:36,969] root - INFO - Reading data from database: {database_name} and collection:{collection_name}
[2023-02-16 19:32:37,235] root - INFO - Find columns:Index(['_id', 'age', 'sex', 'bmi', 'children', 'smoker', 'region', 'expenses'], dtype='object')
[2023-02-16 19:32:37,235] root - INFO - Dropping columns: _id
[2023-02-16 19:32:37,238] root - INFO - Rows and Columns in df: (12042, 7)
[2023-02-16 19:32:37,238] root - INFO - Save data in feature store
[2023-02-16 19:32:37,240] root - INFO - create feature store folder if not available
[2023-02-16 19:32:37,241] root - INFO - save df to feature store folder
[2023-02-16 19:32:37,294] root - INFO - split dataset into train and test set
[2023-02-16 19:32:37,298] root - INFO - create dataset directory if not available
[2023-02-16 19:32:37,298] root - INFO - Save df to feature store folder
[2023-02-16 19:32:37,354] root - INFO - Data Ingestion Artifact: DataIngestionArtifact(feature_store_file_path='/config/workspace/artifact/16022023__193236/data_ingestion/feature_store/insurance.csv', train_file_path='/config/workspace/artifact/16022023__193236/data_ingestion/dataset/train.csv', test_file_path='/config/workspace/artifact/16022023__193236/data_ingestion/dataset/test.csv')
[2023-02-16 19:32:37,357] root - INFO - f**********Data_Validation***********
[2023-02-16 19:32:37,357] root - INFO - Reading train dataframe
[2023-02-16 19:32:37,362] root - INFO - Replace na value in base df
[2023-02-16 19:32:37,362] root - INFO - Drop null values colums from base df
[2023-02-16 19:32:37,364] root - INFO - selecting column names which contains null above 0.2
[2023-02-16 19:32:37,364] root - INFO - Columns to drop: []
[2023-02-16 19:32:37,365] root - INFO - Reading train dataframe
[2023-02-16 19:32:37,375] root - INFO - Reading test dataframe
[2023-02-16 19:32:37,385] root - INFO - selecting column names which contains null above 0.2
[2023-02-16 19:32:37,385] root - INFO - Columns to drop: []
[2023-02-16 19:32:37,388] root - INFO - selecting column names which contains null above 0.2
[2023-02-16 19:32:37,389] root - INFO - Columns to drop: []
[2023-02-16 19:32:37,393] root - INFO - Is all required columns present in train df
[2023-02-16 19:32:37,393] root - INFO - Is all required columns present in test df
[2023-02-16 19:32:37,394] root - INFO - As all column are available in train df hence detecting data drift
[2023-02-16 19:32:37,449] root - INFO - As all column are available in test df hence detecting data drift
[2023-02-16 19:32:37,470] root - INFO - writing report in yaml file
[2023-02-16 19:32:37,471] root - INFO - Data Validation Artifact: DataValidationArtifact(report_file_path='/config/workspace/artifact/16022023__193236/data_validation/report.yaml')
[2023-02-16 19:32:37,551] root - INFO - Model evaluation artifact: ModelEvaluationArtifact(is_model_expected=True, improved_accuracy=None)
