[2023-02-21 00:14:23,098] root - INFO - Export collection data as pandas dataframe
[2023-02-21 00:14:23,098] root - INFO - Reading data from database: {database_name} and collection:{collection_name}
[2023-02-21 00:14:23,416] root - INFO - Find columns:Index(['_id', 'age', 'sex', 'bmi', 'children', 'smoker', 'region', 'expenses'], dtype='object')
[2023-02-21 00:14:23,416] root - INFO - Dropping columns: _id
[2023-02-21 00:14:23,420] root - INFO - Rows and Columns in df: (21408, 7)
[2023-02-21 00:14:23,420] root - INFO - Save data in feature store
[2023-02-21 00:14:23,424] root - INFO - create feature store folder if not available
[2023-02-21 00:14:23,424] root - INFO - save df to feature store folder
[2023-02-21 00:14:23,515] root - INFO - split dataset into train and test set
[2023-02-21 00:14:23,520] root - INFO - create dataset directory if not available
[2023-02-21 00:14:23,520] root - INFO - Save df to feature store folder
[2023-02-21 00:14:23,616] root - INFO - Data Ingestion Artifact: DataIngestionArtifact(feature_store_file_path='/config/workspace/artifact/21022023__001423/data_ingestion/feature_store/insurance.csv', train_file_path='/config/workspace/artifact/21022023__001423/data_ingestion/dataset/train.csv', test_file_path='/config/workspace/artifact/21022023__001423/data_ingestion/dataset/test.csv')
[2023-02-21 00:14:23,623] root - INFO - f**********Data_Validation***********
[2023-02-21 00:14:23,624] root - INFO - Reading train dataframe
[2023-02-21 00:14:23,629] root - INFO - Replace na value in base df
[2023-02-21 00:14:23,630] root - INFO - Drop null values colums from base df
[2023-02-21 00:14:23,631] root - INFO - selecting column names which contains null above 0.2
[2023-02-21 00:14:23,632] root - INFO - Columns to drop: []
[2023-02-21 00:14:23,632] root - INFO - Reading train dataframe
[2023-02-21 00:14:23,645] root - INFO - Reading test dataframe
[2023-02-21 00:14:23,659] root - INFO - selecting column names which contains null above 0.2
[2023-02-21 00:14:23,659] root - INFO - Columns to drop: []
[2023-02-21 00:14:23,663] root - INFO - selecting column names which contains null above 0.2
[2023-02-21 00:14:23,664] root - INFO - Columns to drop: []
[2023-02-21 00:14:23,668] root - INFO - Is all required columns present in train df
[2023-02-21 00:14:23,668] root - INFO - Is all required columns present in test df
[2023-02-21 00:14:23,668] root - INFO - As all column are available in train df hence detecting data drift
[2023-02-21 00:14:23,765] root - INFO - As all column are available in test df hence detecting data drift
[2023-02-21 00:14:23,793] root - INFO - writing report in yaml file
[2023-02-21 00:14:23,795] root - INFO - Data Validation Artifact: DataValidationArtifact(report_file_path='/config/workspace/artifact/21022023__001423/data_validation/report.yaml')
[2023-02-21 00:14:23,883] root - INFO - Model evaluation artifact: ModelEvaluationArtifact(is_model_expected=True, improved_accuracy=None)
[2023-02-21 00:14:23,883] root - INFO - Loading transformer model and target encoder
[2023-02-21 00:14:23,884] root - INFO - Saving model into model pusher directory
[2023-02-21 00:14:23,888] root - INFO - Saving model in saved model dir
[2023-02-21 00:14:23,892] root - INFO - Model Pusher Artifact: ModelPusherArtifact(pusher_model_dir='/config/workspace/artifact/21022023__001423/model_pusher/saves_models', saved_model_dir='saves_models')
