[2023-02-19 14:20:50,547] root - INFO - Export collection data as pandas dataframe
[2023-02-19 14:20:50,548] root - INFO - Reading data from database: {database_name} and collection:{collection_name}
[2023-02-19 14:20:50,839] root - INFO - Find columns:Index(['_id', 'age', 'sex', 'bmi', 'children', 'smoker', 'region', 'expenses'], dtype='object')
[2023-02-19 14:20:50,839] root - INFO - Dropping columns: _id
[2023-02-19 14:20:50,842] root - INFO - Rows and Columns in df: (17394, 7)
[2023-02-19 14:20:50,842] root - INFO - Save data in feature store
[2023-02-19 14:20:50,846] root - INFO - create feature store folder if not available
[2023-02-19 14:20:50,846] root - INFO - save df to feature store folder
[2023-02-19 14:20:50,918] root - INFO - split dataset into train and test set
[2023-02-19 14:20:50,922] root - INFO - create dataset directory if not available
[2023-02-19 14:20:50,922] root - INFO - Save df to feature store folder
[2023-02-19 14:20:51,000] root - INFO - Data Ingestion Artifact: DataIngestionArtifact(feature_store_file_path='/config/workspace/artifact/19022023__142050/data_ingestion/feature_store/insurance.csv', train_file_path='/config/workspace/artifact/19022023__142050/data_ingestion/dataset/train.csv', test_file_path='/config/workspace/artifact/19022023__142050/data_ingestion/dataset/test.csv')
[2023-02-19 14:20:51,005] root - INFO - f**********Data_Validation***********
[2023-02-19 14:20:51,005] root - INFO - Reading train dataframe
[2023-02-19 14:20:51,011] root - INFO - Replace na value in base df
[2023-02-19 14:20:51,011] root - INFO - Drop null values colums from base df
[2023-02-19 14:20:51,013] root - INFO - selecting column names which contains null above 0.2
[2023-02-19 14:20:51,013] root - INFO - Columns to drop: []
[2023-02-19 14:20:51,014] root - INFO - Reading train dataframe
[2023-02-19 14:20:51,024] root - INFO - Reading test dataframe
[2023-02-19 14:20:51,035] root - INFO - selecting column names which contains null above 0.2
[2023-02-19 14:20:51,036] root - INFO - Columns to drop: []
[2023-02-19 14:20:51,039] root - INFO - selecting column names which contains null above 0.2
[2023-02-19 14:20:51,040] root - INFO - Columns to drop: []
[2023-02-19 14:20:51,044] root - INFO - Is all required columns present in train df
[2023-02-19 14:20:51,044] root - INFO - Is all required columns present in test df
[2023-02-19 14:20:51,044] root - INFO - As all column are available in train df hence detecting data drift
[2023-02-19 14:20:51,127] root - INFO - As all column are available in test df hence detecting data drift
[2023-02-19 14:20:51,152] root - INFO - writing report in yaml file
[2023-02-19 14:20:51,154] root - INFO - Data Validation Artifact: DataValidationArtifact(report_file_path='/config/workspace/artifact/19022023__142050/data_validation/report.yaml')
[2023-02-19 14:20:51,229] root - INFO - Model evaluation artifact: ModelEvaluationArtifact(is_model_expected=True, improved_accuracy=None)
[2023-02-19 14:20:51,229] root - INFO - Loading transformer model and target encoder
[2023-02-19 14:20:51,230] root - INFO - Saving model into model pusher directory
[2023-02-19 14:20:51,235] root - INFO - Saving model in saved model dir
[2023-02-19 14:20:51,239] root - INFO - Model Pusher Artifact: ModelPusherArtifact(pusher_model_dir='/config/workspace/artifact/19022023__142050/model_pusher/saves_models', saved_model_dir='saves_models')
