[2023-02-03 14:35:02,147] root - INFO - Export collection data as pandas dataframe
[2023-02-03 14:35:02,148] root - INFO - Reading data from database: {database_name} and collection:{collection_name}
[2023-02-03 14:35:02,262] root - INFO - Find columns:Index(['_id', 'age', 'sex', 'bmi', 'children', 'smoker', 'region', 'expenses'], dtype='object')
[2023-02-03 14:35:02,262] root - INFO - Dropping columns: _id
[2023-02-03 14:35:02,264] root - INFO - Rows and Columns in df: (6690, 7)
[2023-02-03 14:35:02,264] root - INFO - Save data in feature store
[2023-02-03 14:35:02,265] root - INFO - create feature store folder if not available
[2023-02-03 14:35:02,266] root - INFO - save df to feature store folder
[2023-02-03 14:35:02,294] root - INFO - split dataset into train and test set
[2023-02-03 14:35:02,296] root - INFO - create dataset directory if not available
[2023-02-03 14:35:02,296] root - INFO - Save df to feature store folder
[2023-02-03 14:35:02,324] root - INFO - Data Ingestion Artifact: DataIngestionArtifact(feature_store_file_path='/config/workspace/artifact/03022023__143502/data_ingestion/feature_store/insurance.csv', train_file_path='/config/workspace/artifact/03022023__143502/data_ingestion/dataset/train.csv', test_file_path='/config/workspace/artifact/03022023__143502/data_ingestion/dataset/test.csv')
[2023-02-03 14:35:02,325] root - INFO - f**********Data_Validation***********
[2023-02-03 14:35:02,325] root - INFO - Reading train dataframe
[2023-02-03 14:35:02,330] root - INFO - Replace na value in base df
[2023-02-03 14:35:02,330] root - INFO - Drop null values colums from base df
[2023-02-03 14:35:02,332] root - INFO - selecting column names which contains null above 0.2
[2023-02-03 14:35:02,332] root - INFO - Columns to drop: []
[2023-02-03 14:35:02,333] root - INFO - Reading train dataframe
[2023-02-03 14:35:02,341] root - INFO - Reading test dataframe
[2023-02-03 14:35:02,347] root - INFO - selecting column names which contains null above 0.2
[2023-02-03 14:35:02,348] root - INFO - Columns to drop: []
[2023-02-03 14:35:02,350] root - INFO - selecting column names which contains null above 0.2
[2023-02-03 14:35:02,351] root - INFO - Columns to drop: []
[2023-02-03 14:35:02,355] root - INFO - Is all required columns present in train df
[2023-02-03 14:35:02,355] root - INFO - Is all required columns present in test df
[2023-02-03 14:35:02,355] root - INFO - As all column are available in train df hence detecting data drift
[2023-02-03 14:35:02,387] root - INFO - As all column are available in test df hence detecting data drift
[2023-02-03 14:35:02,402] root - INFO - writing report in yaml file
[2023-02-03 14:35:02,404] root - INFO - Data Validation Artifact: DataValidationArtifact(report_file_path='/config/workspace/artifact/03022023__143502/data_validation/report.yaml')
